Using pre-set license
Built from '2020.3/staging' branch; Version is '2020.3.9f1 (108be757e447) revision 1084391'; Using compiler version '192528614'; Build Type 'Release'
OS: 'Windows 10 Pro; OS build 19044.1645; Version 2009; 64bit' Language: 'tr' Physical Memory: 32690 MB
BatchMode: 1, IsHumanControllingUs: 0, StartBugReporterOnCrash: 0, Is64bit: 1, IsPro: 0

 COMMAND LINE ARGUMENTS:
C:\Program Files\Unity\Hub\Editor\2020.3.9f1\Editor\Unity.exe
-adb2
-batchMode
-noUpm
-name
AssetImportWorker0
-projectPath
D:/çalışmalar/unity/prison-sekls/mobil
-logFile
Logs/AssetImportWorker0.log
-srvPort
50198
Successfully changed project path to: D:/çalışmalar/unity/prison-sekls/mobil
D:/çalışmalar/unity/prison-sekls/mobil
Using Asset Import Pipeline V2.
Refreshing native plugins compatible for Editor in 37.58 ms, found 3 plugins.
Preloading 0 native plugins for Editor in 0.00 ms.
Initialize engine version: 2020.3.9f1 (108be757e447)
[Subsystems] Discovering subsystems at path C:/Program Files/Unity/Hub/Editor/2020.3.9f1/Editor/Data/Resources/UnitySubsystems
[Subsystems] Discovering subsystems at path D:/çalışmalar/unity/prison-sekls/mobil/Assets
GfxDevice: creating device client; threaded=0
Direct3D:
    Version:  Direct3D 11.0 [level 11.1]
    Renderer: NVIDIA GeForce RTX 2060 (ID=0x1f08)
    Vendor:   
    VRAM:     5980 MB
    Driver:   30.0.15.1179
Initialize mono
Mono path[0] = 'C:/Program Files/Unity/Hub/Editor/2020.3.9f1/Editor/Data/Managed'
Mono path[1] = 'C:/Program Files/Unity/Hub/Editor/2020.3.9f1/Editor/Data/MonoBleedingEdge/lib/mono/unityjit'
Mono config path = 'C:/Program Files/Unity/Hub/Editor/2020.3.9f1/Editor/Data/MonoBleedingEdge/etc'
Using monoOptions --debugger-agent=transport=dt_socket,embedding=1,server=y,suspend=n,address=127.0.0.1:56272
Begin MonoManager ReloadAssembly
Registering precompiled unity dll's ...
Register platform support module: C:/Program Files/Unity/Hub/Editor/2020.3.9f1/Editor/Data/PlaybackEngines/WebGLSupport/UnityEditor.WebGL.Extensions.dll
Register platform support module: C:/Program Files/Unity/Hub/Editor/2020.3.9f1/Editor/Data/PlaybackEngines/MacStandaloneSupport/UnityEditor.OSXStandalone.Extensions.dll
Register platform support module: C:/Program Files/Unity/Hub/Editor/2020.3.9f1/Editor/Data/PlaybackEngines/WindowsStandaloneSupport/UnityEditor.WindowsStandalone.Extensions.dll
Registered in 0.002407 seconds.
Native extension for WindowsStandalone target not found
Native extension for OSXStandalone target not found
Native extension for WebGL target not found
Refreshing native plugins compatible for Editor in 37.85 ms, found 3 plugins.
Preloading 0 native plugins for Editor in 0.00 ms.
Mono: successfully reloaded assembly
- Completed reload, in  1.507 seconds
Platform modules already initialized, skipping
Registering precompiled user dll's ...
Registered in 0.001656 seconds.
Begin MonoManager ReloadAssembly
Native extension for WindowsStandalone target not found
Native extension for OSXStandalone target not found
Native extension for WebGL target not found
Refreshing native plugins compatible for Editor in 0.44 ms, found 3 plugins.
Preloading 0 native plugins for Editor in 0.00 ms.
Mono: successfully reloaded assembly
- Completed reload, in  0.819 seconds
Platform modules already initialized, skipping
========================================================================
Worker process is ready to serve import requests
Launched and connected shader compiler UnityShaderCompiler.exe after 0.03 seconds
Refreshing native plugins compatible for Editor in 0.53 ms, found 3 plugins.
Preloading 0 native plugins for Editor in 0.00 ms.
Unloading 2343 Unused Serialized files (Serialized files now loaded: 0)
System memory in use before: 100.2 MB.
System memory in use after: 100.3 MB.

Unloading 23 unused Assets to reduce memory usage. Loaded Objects now: 2779.
Total: 1.834000 ms (FindLiveObjects: 0.204500 ms CreateObjectMapping: 0.091300 ms MarkObjects: 1.489600 ms  DeleteObjects: 0.047800 ms)

========================================================================
Received Import Request.
  path: Assets/Scenes/Start.unity
  artifactKey: Guid(710ddd8c83c6b624491939bf53fdb544) Importer(815301076,1909f56bfc062723c751e8b465ee728b)
Start importing Assets/Scenes/Start.unity using Guid(710ddd8c83c6b624491939bf53fdb544) Importer(815301076,1909f56bfc062723c751e8b465ee728b)  -> (artifact id: '6a779c52a1922b9f7a6d93c1238f2cdc') in 0.008356 seconds
  Import took 0.011019 seconds .

========================================================================
Received Import Request.
  Time since last request: 0.000212 seconds.
  path: Assets/Scenes/deneme 2 sekgfs.unity
  artifactKey: Guid(d8154a075cfe4c943a53a9df0d3adfd1) Importer(815301076,1909f56bfc062723c751e8b465ee728b)
Start importing Assets/Scenes/deneme 2 sekgfs.unity using Guid(d8154a075cfe4c943a53a9df0d3adfd1) Importer(815301076,1909f56bfc062723c751e8b465ee728b)  -> (artifact id: '9e094605c2ac54e4ef95c47698bb73de') in 0.001029 seconds
  Import took 0.003186 seconds .

========================================================================
Received Import Request.
  Time since last request: 0.000213 seconds.
  path: Assets/Scenes/arabaSelect.unity
  artifactKey: Guid(c140c9c76a865f945b0d3602af5edfab) Importer(815301076,1909f56bfc062723c751e8b465ee728b)
Start importing Assets/Scenes/arabaSelect.unity using Guid(c140c9c76a865f945b0d3602af5edfab) Importer(815301076,1909f56bfc062723c751e8b465ee728b)  -> (artifact id: '68f309d641b0ab46b27fd057dbe48dba') in 0.000970 seconds
  Import took 0.003067 seconds .

========================================================================
Received Import Request.
  Time since last request: 0.000247 seconds.
  path: Assets/Scenes/main.unity
  artifactKey: Guid(8c4209b2e57440e41ba0f362f024e24d) Importer(815301076,1909f56bfc062723c751e8b465ee728b)
Start importing Assets/Scenes/main.unity using Guid(8c4209b2e57440e41ba0f362f024e24d) Importer(815301076,1909f56bfc062723c751e8b465ee728b)  -> (artifact id: '696fa006281394858ddc5306dee4a017') in 0.001517 seconds
  Import took 0.004334 seconds .

========================================================================
Received Import Request.
  Time since last request: 75.927764 seconds.
  path: Assets/Scenes
  artifactKey: Guid(131a6b21c8605f84396be9f6751fb6e3) Importer(815301076,1909f56bfc062723c751e8b465ee728b)
Start importing Assets/Scenes using Guid(131a6b21c8605f84396be9f6751fb6e3) Importer(815301076,1909f56bfc062723c751e8b465ee728b)  -> (artifact id: 'ffae677c86e903bacef8065336249a81') in 0.001138 seconds
  Import took 0.004315 seconds .

========================================================================
Received Prepare
Registering precompiled user dll's ...
Registered in 0.001539 seconds.
Begin MonoManager ReloadAssembly
Native extension for WindowsStandalone target not found
Native extension for OSXStandalone target not found
Native extension for WebGL target not found
Refreshing native plugins compatible for Editor in 0.35 ms, found 2 plugins.
Preloading 0 native plugins for Editor in 0.00 ms.
Mono: successfully reloaded assembly
- Completed reload, in  0.782 seconds
Platform modules already initialized, skipping
Refreshing native plugins compatible for Editor in 0.33 ms, found 2 plugins.
Preloading 0 native plugins for Editor in 0.00 ms.
Unloading 1683 Unused Serialized files (Serialized files now loaded: 0)
System memory in use before: 86.5 MB.
System memory in use after: 86.7 MB.

Unloading 239 unused Assets to reduce memory usage. Loaded Objects now: 2553.
Total: 1.686600 ms (FindLiveObjects: 0.191900 ms CreateObjectMapping: 0.079700 ms MarkObjects: 1.347800 ms  DeleteObjects: 0.066400 ms)

========================================================================
Received Prepare
Registering precompiled user dll's ...
Registered in 0.001557 seconds.
Begin MonoManager ReloadAssembly
Native extension for WindowsStandalone target not found
Native extension for OSXStandalone target not found
Native extension for WebGL target not found
Refreshing native plugins compatible for Editor in 0.32 ms, found 2 plugins.
Preloading 0 native plugins for Editor in 0.00 ms.
Mono: successfully reloaded assembly
- Completed reload, in  0.753 seconds
Platform modules already initialized, skipping
Refreshing native plugins compatible for Editor in 0.32 ms, found 2 plugins.
Preloading 0 native plugins for Editor in 0.00 ms.
Unloading 1643 Unused Serialized files (Serialized files now loaded: 0)
System memory in use before: 81.1 MB.
System memory in use after: 81.2 MB.

Unloading 11 unused Assets to reduce memory usage. Loaded Objects now: 2555.
Total: 1.561200 ms (FindLiveObjects: 0.154500 ms CreateObjectMapping: 0.054200 ms MarkObjects: 1.339700 ms  DeleteObjects: 0.011900 ms)

========================================================================
Received Import Request.
  Time since last request: 245.762185 seconds.
  path: Assets/PreFabs/AudioManager.prefab
  artifactKey: Guid(dc90c197536fb4f4fb0194fabeeb4b64) Importer(815301076,1909f56bfc062723c751e8b465ee728b)
Start importing Assets/PreFabs/AudioManager.prefab using Guid(dc90c197536fb4f4fb0194fabeeb4b64) Importer(815301076,1909f56bfc062723c751e8b465ee728b)  -> (artifact id: '727f9207cd958a3757ddc6efd515ffec') in 0.034845 seconds
  Import took 0.037688 seconds .

========================================================================
Received Import Request.
  Time since last request: 0.000224 seconds.
  path: Assets/PreFabs/Player 3.prefab
  artifactKey: Guid(1be34a93d87a6f4419c31bd48d402f70) Importer(815301076,1909f56bfc062723c751e8b465ee728b)
Start importing Assets/PreFabs/Player 3.prefab using Guid(1be34a93d87a6f4419c31bd48d402f70) Importer(815301076,1909f56bfc062723c751e8b465ee728b)  -> (artifact id: '80a320f3060f7a40b2b17f7c1a0c3ac8') in 0.044587 seconds
  Import took 0.047111 seconds .

========================================================================
Received Import Request.
  Time since last request: 0.000142 seconds.
  path: Assets/PreFabs/Platform 2.prefab
  artifactKey: Guid(892ef15998e205142af8ba49582b6e69) Importer(815301076,1909f56bfc062723c751e8b465ee728b)
Start importing Assets/PreFabs/Platform 2.prefab using Guid(892ef15998e205142af8ba49582b6e69) Importer(815301076,1909f56bfc062723c751e8b465ee728b)  -> (artifact id: '167950c6f03ede4e84f481504702ec09') in 0.005868 seconds
  Import took 0.008539 seconds .

========================================================================
Received Import Request.
  Time since last request: 0.000173 seconds.
  path: Assets/PreFabs/Player 2.prefab
  artifactKey: Guid(91b91cb4b2b90e14b936b918276c3656) Importer(815301076,1909f56bfc062723c751e8b465ee728b)
Start importing Assets/PreFabs/Player 2.prefab using Guid(91b91cb4b2b90e14b936b918276c3656) Importer(815301076,1909f56bfc062723c751e8b465ee728b)  -> (artifact id: '2d4e82d81a0b00e9c7738cbaec73833b') in 0.006897 seconds
  Import took 0.009675 seconds .

========================================================================
Received Import Request.
  Time since last request: 0.000199 seconds.
  path: Assets/PreFabs/Platform.prefab
  artifactKey: Guid(67cde4fadb448324d807d1321210e4f9) Importer(815301076,1909f56bfc062723c751e8b465ee728b)
Start importing Assets/PreFabs/Platform.prefab using Guid(67cde4fadb448324d807d1321210e4f9) Importer(815301076,1909f56bfc062723c751e8b465ee728b)  -> (artifact id: '5534054f5c734449ad42ae9cb911ecc8') in 0.007304 seconds
  Import took 0.010121 seconds .

========================================================================
Received Import Request.
  Time since last request: 0.000179 seconds.
  path: Assets/PreFabs/Player.prefab
  artifactKey: Guid(c04e7b446acc49445bbb6dce94081573) Importer(815301076,1909f56bfc062723c751e8b465ee728b)
Start importing Assets/PreFabs/Player.prefab using Guid(c04e7b446acc49445bbb6dce94081573) Importer(815301076,1909f56bfc062723c751e8b465ee728b)  -> (artifact id: '6b9115ac662f700a3625bde7ae06c063') in 0.005116 seconds
  Import took 0.007840 seconds .

========================================================================
Received Import Request.
  Time since last request: 0.000201 seconds.
  path: Assets/PreFabs/Platform 3.prefab
  artifactKey: Guid(e327229f541ebe04589f35247458deed) Importer(815301076,1909f56bfc062723c751e8b465ee728b)
Start importing Assets/PreFabs/Platform 3.prefab using Guid(e327229f541ebe04589f35247458deed) Importer(815301076,1909f56bfc062723c751e8b465ee728b)  -> (artifact id: '7c0147ca45f6dcdd48e8445bb19eb0be') in 0.006245 seconds
  Import took 0.008944 seconds .

========================================================================
Received Import Request.
  Time since last request: 0.000179 seconds.
  path: Assets/PreFabs/ramp.fbx
  artifactKey: Guid(1c83c82bb6520be489716a71a6a15588) Importer(815301076,1909f56bfc062723c751e8b465ee728b)
Start importing Assets/PreFabs/ramp.fbx using Guid(1c83c82bb6520be489716a71a6a15588) Importer(815301076,1909f56bfc062723c751e8b465ee728b)  -> (artifact id: '0d3194f1d0cdab193ec8a1fdf7396554') in 0.121581 seconds
  Import took 0.124430 seconds .

========================================================================
Received Prepare
Registering precompiled user dll's ...
Registered in 0.001500 seconds.
Begin MonoManager ReloadAssembly
Native extension for WindowsStandalone target not found
Native extension for OSXStandalone target not found
Native extension for WebGL target not found
Refreshing native plugins compatible for Editor in 0.33 ms, found 2 plugins.
Preloading 0 native plugins for Editor in 0.00 ms.
Mono: successfully reloaded assembly
- Completed reload, in  0.790 seconds
Platform modules already initialized, skipping
Refreshing native plugins compatible for Editor in 0.34 ms, found 2 plugins.
Preloading 0 native plugins for Editor in 0.00 ms.
Unloading 1643 Unused Serialized files (Serialized files now loaded: 0)
System memory in use before: 84.6 MB.
System memory in use after: 84.7 MB.

Unloading 12 unused Assets to reduce memory usage. Loaded Objects now: 2603.
Total: 1.798400 ms (FindLiveObjects: 0.199700 ms CreateObjectMapping: 0.083700 ms MarkObjects: 1.496300 ms  DeleteObjects: 0.017600 ms)

AssetImportWorkerClient::OnTransportError - code=2 error=End of file
